2021-07-15 10:54:43,724 - instagram_scraper.app - INFO - Saving metadata general information on billybonaros.json
2021-07-15 10:54:45,138 - instagram_scraper.app - WARNING - Failed to get media details for CQc9ovjJQzw
2021-07-15 10:54:45,525 - instagram_scraper.app - WARNING - Failed to get media details for CQbOa-BJNPR
2021-07-15 10:54:46,116 - instagram_scraper.app - WARNING - Failed to get media details for CQVMj6PJn1E
2021-07-15 10:54:46,685 - instagram_scraper.app - WARNING - Failed to get media details for CPdWQePpDCS
2021-07-15 10:54:47,268 - instagram_scraper.app - WARNING - Failed to get media details for CPNNrXipLwX
2021-07-15 10:54:47,649 - instagram_scraper.app - WARNING - Failed to get media details for CPFjtoLJSKt
2021-07-15 10:54:48,348 - instagram_scraper.app - WARNING - Failed to get media details for CLkD7ycp170
2021-07-15 10:54:48,770 - instagram_scraper.app - WARNING - Failed to get media details for CJOipHVp7gJ
2021-07-15 10:54:49,380 - instagram_scraper.app - WARNING - Failed to get media details for CJF6Z2eJsKz
2021-07-15 10:54:49,792 - instagram_scraper.app - WARNING - Failed to get media details for CFJZBGBJd_k
2021-07-15 10:54:50,190 - instagram_scraper.app - WARNING - Failed to get media details for CE00A6-JaBJ
2021-07-15 10:54:50,599 - instagram_scraper.app - WARNING - Failed to get media details for CEt7ZFdp-v7
2021-07-15 10:54:50,999 - instagram_scraper.app - WARNING - Failed to get media details for CEor1Ikp-2a
2021-07-15 10:54:51,583 - instagram_scraper.app - WARNING - Failed to get media details for CEi0BmJplik
2021-07-15 10:54:51,981 - instagram_scraper.app - WARNING - Failed to get media details for CEPG0repeYH
2021-07-15 10:54:52,560 - instagram_scraper.app - WARNING - Failed to get media details for CDtAiLipeHp
2021-07-15 10:54:53,168 - instagram_scraper.app - WARNING - Failed to get media details for CCsWNUlpcBx
2021-07-15 10:54:53,561 - instagram_scraper.app - WARNING - Failed to get media details for B-uYPCipaR2
2021-07-15 10:54:55,045 - instagram_scraper.app - WARNING - Failed to get media details for B3xAFKkphQ0
2021-07-15 10:54:55,781 - instagram_scraper.app - WARNING - Failed to get media details for B0wP9RZpNyD
2021-07-15 10:54:57,692 - instagram_scraper.app - WARNING - Failed to get media details for BjSwyt3BgJP
2021-07-15 10:54:58,081 - instagram_scraper.app - WARNING - Failed to get media details for BSN33eQFUEm
2021-07-15 10:54:59,653 - instagram_scraper.app - WARNING - Failed to get media details for y26CvQG8B1
